Timestamp: 2014-06-30 16:50:44,869
Level: INFO 
Class: XMCares.BMS.FDI.Shell.MainForm
Message: 数据源：已连接
--------------------------------------------------------------------------
Timestamp: 2014-06-30 16:50:44,869
Level: INFO 
Class: XMCares.BMS.FDI.Shell.MainForm
Message: 数据源：已连接
--------------------------------------------------------------------------
Timestamp: 2014-06-30 16:53:22,256
Level: INFO 
Class: XMCares.BMS.FDI.Shell.MainForm
Message: 数据源：已连接
--------------------------------------------------------------------------
Timestamp: 2014-06-30 16:53:22,256
Level: INFO 
Class: XMCares.BMS.FDI.Shell.MainForm
Message: 数据源：已连接
--------------------------------------------------------------------------
Timestamp: 2014-06-30 19:14:40,657
Level: INFO 
Class: XMCares.BMS.FDI.Shell.MainForm
Message: 数据源：已连接
--------------------------------------------------------------------------
Timestamp: 2014-06-30 19:14:40,657
Level: INFO 
Class: XMCares.BMS.FDI.Shell.MainForm
Message: 数据源：已连接
--------------------------------------------------------------------------
